"../../../Engine/Content/EditorResources/S_Actor.uasset" 0
"../../../Engine/Content/EngineFonts/Roboto.uasset" 1
"../../../Engine/Content/Functions/Engine_MaterialFunctions01/Shading/PowerToRoughness.uasset" 2
"../../../Engine/Content/Functions/Engine_MaterialFunctions01/Shading/ConvertFromDiffSpec.uasset" 3
"../../../Engine/Content/EngineMaterials/DefaultDiffuse.uasset" 4
"../../../Engine/Content/EngineMaterials/DefaultDeferredDecalMaterial.uasset" 5
"../../../Engine/Content/EngineMaterials/DefaultLightFunctionMaterial.uasset" 6
"../../../Engine/Content/Functions/Engine_MaterialFunctions02/Utility/BreakOutFloat2Components.uasset" 7
"../../../Engine/Content/EngineMaterials/DefaultPostProcessMaterial.uasset" 8
"../../../Engine/Content/EngineResources/DefaultTexture.uasset" 9
"../../../Engine/Content/Functions/Engine_MaterialFunctions01/Texturing/ScaleUVsByCenter.uasset" 10
"../../../Engine/Content/Functions/Engine_MaterialFunctions02/ScreenResolution.uasset" 11
"../../../Engine/Content/Functions/Engine_MaterialFunctions02/Texturing/ScreenAlignedUVs.uasset" 12
"../../../Engine/Content/EngineResources/WhiteSquareTexture.uasset" 13
"../../../Engine/Content/EngineMaterials/Widget3DPassThrough.uasset" 14
"../../../Engine/Content/EngineMaterials/Widget3DPassThrough_Translucent.uasset" 15
"../../../Engine/Content/EngineMaterials/Widget3DPassThrough_Translucent_OneSided.uasset" 16
"../../../Engine/Content/EngineMaterials/Widget3DPassThrough_Opaque.uasset" 17
"../../../Engine/Content/EngineMaterials/Widget3DPassThrough_Opaque_OneSided.uasset" 18
"../../../Engine/Content/EngineMaterials/Widget3DPassThrough_Masked.uasset" 19
"../../../Engine/Content/EngineMaterials/Widget3DPassThrough_Masked_OneSided.uasset" 20
"../../../Engine/Content/Maps/Templates/Thumbnails/Default.uasset" 21
"../../../Engine/Content/EditorMaterials/ParticleSystems/PSysThumbnail_NoImage.uasset" 22
"../../../Engine/Content/EditorMaterials/ParticleSystems/PSysThumbnail_OOD.uasset" 23
"../../../Engine/Content/EditorLandscapeResources/DataLayer.uasset" 24
"../../../Engine/Content/EngineDamageTypes/DmgTypeBP_Environmental.uasset" 25
"../../../Engine/Content/EngineMeshes/Sphere.uasset" 26
"../../../Engine/Content/EngineFonts/RobotoDistanceField.uasset" 27
"../../../Engine/Content/EngineMaterials/DefaultTextMaterialOpaque.uasset" 28
"../../../Engine/Content/EditorResources/S_Trigger.uasset" 29
"../../../Engine/Content/EngineResources/GradientTexture0.uasset" 30
"../../../Engine/Content/EngineResources/Black.uasset" 31
"../../../Engine/Content/EditorMaterials/MatineeGroups/MAT_Groups_Float.uasset" 32
"../../../Engine/Content/EditorMaterials/MatineeGroups/MAT_Groups_Director.uasset" 33
"../../../Engine/Content/EditorMaterials/MatineeGroups/MAT_Groups_Event.uasset" 34
"../../../Engine/Content/EditorMaterials/MatineeGroups/MAT_Groups_Anim.uasset" 35
"../../../Engine/Content/EditorMaterials/MatineeGroups/MAT_Groups_Fade.uasset" 36
"../../../Engine/Content/EditorMaterials/MatineeGroups/MAT_Groups_Move.uasset" 37
"../../../Engine/Content/EditorMaterials/MatineeGroups/MAT_Groups_Slomo.uasset" 38
"../../../Engine/Content/EditorMaterials/MatineeGroups/MAT_ColorTrack.uasset" 39
"../../../Engine/Content/EditorMaterials/MAT_Groups_Toggle.uasset" 40
"../../../Engine/Content/EditorMaterials/MatineeGroups/MAT_Groups_AudioMaster.uasset" 41
"../../../Engine/Content/EditorMaterials/MatineeGroups/MAT_Groups_Sound.uasset" 42
"../../../Engine/Content/EditorMaterials/MatineeGroups/MAT_Groups_Vector.uasset" 43
"../../../Engine/Content/EditorMaterials/MAT_Groups_Visibility.uasset" 44
"../../../Engine/Content/EngineResources/DefaultTextureCube.uasset" 45
"../../../Engine/Content/Functions/Engine_MaterialFunctions01/Opacity/CameraDepthFade.uasset" 46
"../../../Engine/Content/EngineMaterials/T_Default_Material_Grid_M.uasset" 47
"../../../Engine/Content/EngineMaterials/T_Default_Material_Grid_N.uasset" 48
"../../../Engine/Content/EngineMaterials/DefaultMaterial.uasset" 49
"../../../Engine/Content/EngineMeshes/Cylinder.uasset" 50
"../../../Engine/Content/EngineTireTypes/DefaultTireType.uasset" 51
"../../../Engine/Content/Tutorial/BlueprintTutorials/TutorialAssets/Blueprint_64x.uasset" 52
"../../../Engine/Content/Tutorial/ContentIntroCurve.uasset" 53
"../../../Engine/Plugins/2D/Paper2D/Content/PlaceholderTextures/DummySpriteTexture.uasset" 54
"../../../Engine/Plugins/2D/Paper2D/Content/DefaultSpriteMaterial.uasset" 55
"../../../Engine/Plugins/2D/Paper2D/Content/MaskedUnlitSpriteMaterial.uasset" 56
"../../../Engine/Plugins/2D/Paper2D/Content/OpaqueUnlitSpriteMaterial.uasset" 57
"../../../Engine/Plugins/2D/Paper2D/Content/DummySprite.uasset" 58
"../../../Engine/Plugins/2D/Paper2D/Content/DefaultPaperTerrainMaterial.uasset" 59
"../../../MusicSuite/Content/Font/njnaruto.uasset" 60
"../../../Engine/Plugins/Runtime/LeapMotionController/Content/LM_CapsuleMesh.uasset" 61
"../../../Engine/Plugins/Runtime/LeapMotionController/Content/LM_TorusMesh.uasset" 62
"../../../Engine/Plugins/Runtime/LeapMotionController/Content/LM_HandColor.uasset" 63
"../../../Engine/Plugins/Runtime/LeapMotionController/Content/LM_SampleDistortion.uasset" 64
"../../../Engine/Plugins/Runtime/LeapMotionController/Content/LM_TestTexture.uasset" 65
"../../../Engine/Plugins/Runtime/LeapMotionController/Content/LM_PassthroughMaterial.uasset" 66
"../../../Engine/Content/EngineMaterials/RemoveSurfaceMaterial.uasset" 67
"../../../Engine/Content/EngineDebugMaterials/DebugMeshMaterial.uasset" 68
"../../../Engine/Content/EngineMaterials/InvalidLightmapSettings.uasset" 69
"../../../Engine/Content/EngineMaterials/M_InvalidLightmapSettings.uasset" 70
"../../../Engine/Content/EditorMaterials/GizmoMaterial.uasset" 71
"../../../Engine/Content/EngineMaterials/Good64x64TilingNoiseHighFreq.uasset" 72
"../../../Engine/Content/EngineMaterials/DefaultBokeh.uasset" 73
"../../../Engine/Content/EngineMaterials/PreintegratedSkinBRDF.uasset" 74
"../../../Engine/Content/EngineMaterials/MiniFont.uasset" 75
"../../../Engine/Content/EngineMaterials/WeightMapPlaceholderTexture.uasset" 76
"../../../Engine/Content/EngineMaterials/DefaultWhiteGrid.uasset" 77
"../../../Engine/Content/EngineMaterials/DefaultPhysicalMaterial.uasset" 78
"../../../Engine/Content/EngineFonts/RobotoTiny.uasset" 79
"../../../Engine/Content/EngineResources/AICON-Red.uasset" 80
"../../../Engine/Content/EngineResources/AICON-Green.uasset" 81
"../../../Engine/Content/EditorResources/EmptyActor.uasset" 82
"../../../Engine/Content/EditorResources/AudioIcons/S_AudioComponent_AutoActivate.uasset" 83
"../../../Engine/Content/EditorResources/AudioIcons/S_AudioComponent.uasset" 84
"../../../MusicSuite/Content/StarterContent/Materials/M_Basic_Wall.uasset" 85
"../../../MusicSuite/Content/StarterContent/Shapes/Shape_TriPyramid.uasset" 86
"../../../MusicSuite/Content/StarterContent/Shapes/Shape_Trim_90_Out.uasset" 87
"../../../MusicSuite/Content/StarterContent/Shapes/Shape_Trim_90_In.uasset" 88
"../../../MusicSuite/Content/StarterContent/Shapes/Shape_Trim.uasset" 89
"../../../MusicSuite/Content/StarterContent/Shapes/Shape_Torus.uasset" 90
"../../../MusicSuite/Content/StarterContent/Shapes/Shape_Plane.uasset" 91
"../../../MusicSuite/Content/StarterContent/Shapes/Shape_Pipe_90.uasset" 92
"../../../MusicSuite/Content/StarterContent/Shapes/Shape_Pipe_180.uasset" 93
"../../../MusicSuite/Content/StarterContent/Shapes/Shape_Pipe.uasset" 94
"../../../MusicSuite/Content/StarterContent/Shapes/Shape_NarrowCapsule.uasset" 95
"../../../MusicSuite/Content/StarterContent/Shapes/Shape_Cylinder.uasset" 96
"../../../MusicSuite/Content/StarterContent/Shapes/Shape_Cone.uasset" 97
"../../../Engine/Content/MobileResources/HUD/T_Castle_ThumbstickOutter.uasset" 98
"../../../Engine/Content/MobileResources/T_MobileMenu2.uasset" 99
"../../../MusicSuite/Content/StarterContent/Materials/M_Basic_Floor.uasset" 100
"../../../MusicSuite/Content/StarterContent/Props/SM_Stairs.uasset" 101
"../../../MusicSuite/Content/StarterContent/Textures/T_Shelf_M.uasset" 102
"../../../MusicSuite/Content/StarterContent/Textures/T_Shelf_N.uasset" 103
"../../../MusicSuite/Content/StarterContent/Props/Materials/M_Shelf.uasset" 104
"../../../MusicSuite/Content/StarterContent/Props/SM_Shelf.uasset" 105
"../../../Engine/Content/Functions/Engine_MaterialFunctions02/Utility/BlendAngleCorrectedNormals.uasset" 106
"../../../MusicSuite/Content/StarterContent/Textures/T_Detail_Rocky_N.uasset" 107
"../../../MusicSuite/Content/StarterContent/Textures/T_Rock_Basalt_D.uasset" 108
"../../../MusicSuite/Content/StarterContent/Textures/T_RockMesh_M.uasset" 109
"../../../MusicSuite/Content/StarterContent/Textures/T_RockMesh_N.uasset" 110
"../../../MusicSuite/Content/StarterContent/Props/Materials/M_Rock.uasset" 111
"../../../MusicSuite/Content/StarterContent/Props/SM_Rock.uasset" 112
"../../../MusicSuite/Content/StarterContent/Props/Materials/M_MaterialSphere.uasset" 113
"../../../MusicSuite/Content/StarterContent/Props/Materials/M_MaterialSphere_Plain.uasset" 114
"../../../MusicSuite/Content/StarterContent/Props/SM_MatPreviewMesh_02.uasset" 115
"../../../MusicSuite/Content/StarterContent/Materials/M_Glass.uasset" 116
"../../../MusicSuite/Content/StarterContent/Textures/T_Door_M.uasset" 117
"../../../MusicSuite/Content/StarterContent/Textures/T_Door_N.uasset" 118
"../../../MusicSuite/Content/StarterContent/Props/Materials/M_Door.uasset" 119
"../../../MusicSuite/Content/StarterContent/Props/SM_Door.uasset" 120
"../../../MusicSuite/Content/StarterContent/Textures/T_Chair_M.uasset" 121
"../../../MusicSuite/Content/StarterContent/Textures/T_Chair_N.uasset" 122
"../../../MusicSuite/Content/StarterContent/Props/Materials/M_Chair.uasset" 123
"../../../MusicSuite/Content/StarterContent/Props/SM_Couch.uasset" 124
"../../../Engine/Content/EditorResources/LightIcons/S_LightError.uasset" 125
"../../../MusicSuite/Content/StarterContent/Shapes/Shape_Wedge_B.uasset" 126
"../../../MusicSuite/Content/StarterContent/Shapes/Shape_Wedge_A.uasset" 127
"../../../MusicSuite/Content/StarterContent/Shapes/Shape_Tube.uasset" 128
"../../../Engine/Content/MobileResources/HUD/AnalogHat.uasset" 129
"../../../MusicSuite/Content/StarterContent/Shapes/Shape_WideCapsule.uasset" 130
"../../../Engine/Content/MobileResources/HUD/T_Castle_ThumbstickInner.uasset" 131
"../../../Engine/Content/MobileResources/HUD/MobileHUDDirectionStick.uasset" 132
"../../../Engine/Content/MobileResources/HUD/MobileHUDButtonFire.uasset" 133
"../../../Engine/Content/EditorBlueprintResources/StandardMacros.uasset" 134
"../../../MusicSuite/Content/Movies/bgvid.uasset" 135
"../../../MusicSuite/Content/Movies/bgvid_Tex.uasset" 136
"../../../MusicSuite/Content/Movies/bgvid_Tex_Mat.uasset" 137
"../../../MusicSuite/Content/Movies/bgvid_Wav.uasset" 138
"../../../MusicSuite/Content/Widget/MainMenu.uasset" 139
"../../../MusicSuite/Content/Characters/BPMusicSuiteGameMode.uasset" 140
"../../../Engine/Content/MobileResources/HUD/MobileHUDDirectionPad3.uasset" 141
"../../../Engine/Content/MobileResources/HUD/MobileHUDButton1_off.uasset" 142
"../../../Engine/Content/MobileResources/T_MobileControls_texture.uasset" 143
"../../../Engine/Content/MobileResources/HUD/VirtualJoystick_Background.uasset" 144
"../../../Engine/Content/MobileResources/HUD/VirtualJoystick_Thumb.uasset" 145
"../../../Engine/Content/MobileResources/HUD/LeftVirtualJoystickOnly.uasset" 146
"../../../Engine/Content/MobileResources/HUD/DefaultVirtualJoysticks.uasset" 147
"../../../Engine/Content/MobileResources/HUD/MobileHUDDirectionPad.uasset" 148
"../../../Engine/Content/MobileResources/HUD/MobileHUDButton3.uasset" 149
"../../../Engine/Content/MobileResources/HUD/MobileHUDButton1_on.uasset" 150
"../../../Engine/Content/MobileResources/HUD/MobileHUDButton2_off.uasset" 151
"../../../Engine/Content/MobileResources/HUD/MobileHUDDirectionPad2.uasset" 152
"../../../Engine/Content/EditorMaterials/PhAT_JointLimitMaterial.uasset" 153
"../../../Engine/Content/EditorMaterials/PreviewShadowIndicator.uasset" 154
"../../../Engine/Content/EditorMaterials/PreviewShadowIndicatorMaterial.uasset" 155
"../../../Engine/Content/EditorResources/BSPVertex.uasset" 156
"../../../Engine/Content/EngineDebugMaterials/HeatmapGradient.uasset" 157
"../../../Engine/Content/EngineDebugMaterials/BoneWeightMaterial.uasset" 158
"../../../Engine/Content/EngineDebugMaterials/GeomMaterial.uasset" 159
"../../../Engine/Content/EngineMaterials/EditorBrushMaterial.uasset" 160
"../../../Engine/Content/EngineMeshes/Cube.uasset" 161
"../../../Engine/Content/MobileResources/HUD/MobileHUDButton2_on.uasset" 162
"../../../Engine/Content/Tutorial/Basics/TutorialAssets/icon_tab_Levels_40x.uasset" 163
"../../../Engine/Content/Tutorial/BlueprintTutorials/TutorialAssets/BlueprintInterface_64x.uasset" 164
"../../../Engine/Content/Tutorial/BlueprintTutorials/TutorialAssets/BlueprintMacroLibrary_64x.uasset" 165
"../../../Engine/Content/Tutorial/BlueprintTutorials/TutorialAssets/Tutorial_BP_Interface.uasset" 166
"../../../Engine/Content/Tutorial/Foliage/TutorialAssets/Foliage.uasset" 167
"../../../Engine/Content/Tutorial/Landscape/TutorialAssets/Landscape.uasset" 168
"../../../Engine/Content/Tutorial/Paper2D/TutorialAssets/Paper2DFlipbook_TutorialIcon.uasset" 169
"../../../Engine/Content/Tutorial/Paper2D/TutorialAssets/Paper2DSprite_TutorialIcon.uasset" 170
"../../../Engine/Content/Tutorial/SubEditors/TutorialAssets/icon_Editor_Preferences_General_40x.uasset" 171
"../../../Engine/Content/Tutorial/SubEditors/TutorialAssets/icon_ShowSkeletalMeshes_40x.uasset" 172
"../../../Engine/Content/Tutorial/SubEditors/TutorialAssets/TutorialMaterial.uasset" 173
"../../../Engine/Content/Tutorial/SubEditors/TutorialAssets/T_SmokeSubUV_8X8.uasset" 174
"../../../Engine/Content/Tutorial/SubEditors/TutorialAssets/T_soft_smoke.uasset" 175
"../../../Engine/Content/Tutorial/SubEditors/TutorialAssets/M_smoke_subUV_blackbody.uasset" 176
"../../../Engine/Content/Tutorial/SubEditors/TutorialAssets/TutorialParticleSystem.uasset" 177
"../../../Engine/Content/EngineMaterials/WorldGridMaterial.uasset" 178
"../../../Engine/Content/Tutorial/SubEditors/TutorialAssets/Tutorial_DM.uasset" 179
"../../../MusicSuite/Content/Characters/BasePlayer/Mannequin/Character/Mesh/UE4_Mannequin_Skeleton.uasset" 180
"../../../MusicSuite/Content/Characters/BasePlayer/Mannequin/Animations/ThirdPersonJump_End.uasset" 181
"../../../MusicSuite/Content/Geometry/Meshes/CubeMaterial.uasset" 182
"../../../MusicSuite/Content/Geometry/Meshes/1M_Cube_Chamfer.uasset" 183
"../../../MusicSuite/Content/Sound/pianokeys/A0.uasset" 184
"../../../MusicSuite/Content/Sound/pianokeys/A1.uasset" 185
"../../../MusicSuite/Content/Sound/pianokeys/A2.uasset" 186
"../../../MusicSuite/Content/Sound/pianokeys/A3.uasset" 187
"../../../MusicSuite/Content/Sound/pianokeys/A4.uasset" 188
"../../../MusicSuite/Content/Sound/pianokeys/A5.uasset" 189
"../../../MusicSuite/Content/Sound/pianokeys/A6.uasset" 190
"../../../MusicSuite/Content/Sound/pianokeys/A7.uasset" 191
"../../../MusicSuite/Content/Sound/pianokeys/Ab1.uasset" 192
"../../../MusicSuite/Content/Sound/pianokeys/Ab2.uasset" 193
"../../../MusicSuite/Content/Sound/pianokeys/Ab3.uasset" 194
"../../../MusicSuite/Content/Sound/pianokeys/Ab4.uasset" 195
"../../../MusicSuite/Content/Sound/pianokeys/Ab5.uasset" 196
"../../../MusicSuite/Content/Sound/pianokeys/Ab6.uasset" 197
"../../../MusicSuite/Content/Sound/pianokeys/Ab7.uasset" 198
"../../../MusicSuite/Content/Sound/pianokeys/B0.uasset" 199
"../../../MusicSuite/Content/Sound/pianokeys/B1.uasset" 200
"../../../MusicSuite/Content/Sound/pianokeys/B2.uasset" 201
"../../../MusicSuite/Content/Sound/pianokeys/B3.uasset" 202
"../../../MusicSuite/Content/Sound/pianokeys/B4.uasset" 203
"../../../MusicSuite/Content/Sound/pianokeys/B5.uasset" 204
"../../../MusicSuite/Content/Sound/pianokeys/B6.uasset" 205
"../../../MusicSuite/Content/Sound/pianokeys/B7.uasset" 206
"../../../MusicSuite/Content/Sound/pianokeys/Bb0.uasset" 207
"../../../MusicSuite/Content/Sound/pianokeys/Bb1.uasset" 208
"../../../MusicSuite/Content/Sound/pianokeys/Bb2.uasset" 209
"../../../MusicSuite/Content/Sound/pianokeys/Bb3.uasset" 210
"../../../MusicSuite/Content/Sound/pianokeys/Bb4.uasset" 211
"../../../MusicSuite/Content/Sound/pianokeys/Bb5.uasset" 212
"../../../MusicSuite/Content/Sound/pianokeys/Bb6.uasset" 213
"../../../MusicSuite/Content/Sound/pianokeys/Bb7.uasset" 214
"../../../MusicSuite/Content/Sound/pianokeys/C1.uasset" 215
"../../../MusicSuite/Content/Sound/pianokeys/C2.uasset" 216
"../../../MusicSuite/Content/Sound/pianokeys/C3.uasset" 217
"../../../MusicSuite/Content/Sound/pianokeys/C4.uasset" 218
"../../../MusicSuite/Content/Sound/pianokeys/C5.uasset" 219
"../../../MusicSuite/Content/Sound/pianokeys/C6.uasset" 220
"../../../MusicSuite/Content/Sound/pianokeys/C7.uasset" 221
"../../../MusicSuite/Content/Sound/pianokeys/C8.uasset" 222
"../../../MusicSuite/Content/Sound/pianokeys/D1.uasset" 223
"../../../MusicSuite/Content/Sound/pianokeys/D2.uasset" 224
"../../../MusicSuite/Content/Sound/pianokeys/D3.uasset" 225
"../../../MusicSuite/Content/Sound/pianokeys/D4.uasset" 226
"../../../MusicSuite/Content/Sound/pianokeys/D5.uasset" 227
"../../../MusicSuite/Content/Sound/pianokeys/D6.uasset" 228
"../../../MusicSuite/Content/Sound/pianokeys/D7.uasset" 229
"../../../MusicSuite/Content/Sound/pianokeys/Db1.uasset" 230
"../../../MusicSuite/Content/Sound/pianokeys/Db2.uasset" 231
"../../../MusicSuite/Content/Sound/pianokeys/Db3.uasset" 232
"../../../MusicSuite/Content/Sound/pianokeys/Db4.uasset" 233
"../../../MusicSuite/Content/Sound/pianokeys/Db5.uasset" 234
"../../../MusicSuite/Content/Sound/pianokeys/Db6.uasset" 235
"../../../MusicSuite/Content/Sound/pianokeys/Db7.uasset" 236
"../../../MusicSuite/Content/Sound/pianokeys/E1.uasset" 237
"../../../MusicSuite/Content/Sound/pianokeys/E2.uasset" 238
"../../../MusicSuite/Content/Sound/pianokeys/E3.uasset" 239
"../../../MusicSuite/Content/Sound/pianokeys/E4.uasset" 240
"../../../MusicSuite/Content/Sound/pianokeys/E5.uasset" 241
"../../../MusicSuite/Content/Sound/pianokeys/E6.uasset" 242
"../../../MusicSuite/Content/Sound/pianokeys/E7.uasset" 243
"../../../MusicSuite/Content/Sound/pianokeys/Eb1.uasset" 244
"../../../MusicSuite/Content/Sound/pianokeys/Eb2.uasset" 245
"../../../MusicSuite/Content/Sound/pianokeys/Eb3.uasset" 246
"../../../MusicSuite/Content/Sound/pianokeys/Eb4.uasset" 247
"../../../MusicSuite/Content/Sound/pianokeys/Eb5.uasset" 248
"../../../MusicSuite/Content/Sound/pianokeys/Eb6.uasset" 249
"../../../MusicSuite/Content/Sound/pianokeys/Eb7.uasset" 250
"../../../MusicSuite/Content/Sound/pianokeys/F1.uasset" 251
"../../../MusicSuite/Content/Sound/pianokeys/F2.uasset" 252
"../../../MusicSuite/Content/Sound/pianokeys/F3.uasset" 253
"../../../MusicSuite/Content/Sound/pianokeys/F4.uasset" 254
"../../../MusicSuite/Content/Sound/pianokeys/F5.uasset" 255
"../../../MusicSuite/Content/Sound/pianokeys/F6.uasset" 256
"../../../MusicSuite/Content/Sound/pianokeys/F7.uasset" 257
"../../../MusicSuite/Content/Sound/pianokeys/G1.uasset" 258
"../../../MusicSuite/Content/Sound/pianokeys/G2.uasset" 259
"../../../MusicSuite/Content/Sound/pianokeys/G3.uasset" 260
"../../../MusicSuite/Content/Sound/pianokeys/G4.uasset" 261
"../../../MusicSuite/Content/Sound/pianokeys/G5.uasset" 262
"../../../MusicSuite/Content/Sound/pianokeys/G6.uasset" 263
"../../../MusicSuite/Content/Sound/pianokeys/G7.uasset" 264
"../../../MusicSuite/Content/Sound/pianokeys/Gb1.uasset" 265
"../../../MusicSuite/Content/Sound/pianokeys/Gb2.uasset" 266
"../../../MusicSuite/Content/Sound/pianokeys/Gb3.uasset" 267
"../../../MusicSuite/Content/Sound/pianokeys/Gb4.uasset" 268
"../../../MusicSuite/Content/Sound/pianokeys/Gb5.uasset" 269
"../../../MusicSuite/Content/Sound/pianokeys/Gb6.uasset" 270
"../../../MusicSuite/Content/Sound/pianokeys/Gb7.uasset" 271
"../../../MusicSuite/Content/StarterContent/Architecture/Pillar_50x500.uasset" 272
"../../../MusicSuite/Content/StarterContent/Architecture/Wall_400x300.uasset" 273
"../../../MusicSuite/Content/StarterContent/Architecture/Wall_400x400.uasset" 274
"../../../MusicSuite/Content/StarterContent/Architecture/Wall_500x500.uasset" 275
"../../../MusicSuite/Content/StarterContent/Architecture/Wall_Door_400x400.uasset" 276
"../../../MusicSuite/Content/StarterContent/Architecture/Wall_Window_400x400.uasset" 277
"../../../MusicSuite/Content/StarterContent/Audio/Light01_Cue.uasset" 278
"../../../MusicSuite/Content/StarterContent/Audio/Light02_Cue.uasset" 279
"../../../MusicSuite/Content/StarterContent/Audio/Explosion_Cue.uasset" 280
"../../../MusicSuite/Content/StarterContent/Textures/T_Burst_M.uasset" 281
"../../../MusicSuite/Content/StarterContent/Particles/Materials/M_Burst.uasset" 282
"../../../MusicSuite/Content/StarterContent/Textures/T_Explosion_SubUV.uasset" 283
"../../../MusicSuite/Content/StarterContent/Particles/Materials/M_explosion_subUV.uasset" 284
"../../../MusicSuite/Content/StarterContent/Particles/Materials/m_flare_01.uasset" 285
"../../../Engine/Content/Functions/Engine_MaterialFunctions01/Gradient/RadialGradient.uasset" 286
"../../../MusicSuite/Content/StarterContent/Particles/Materials/M_radial_ramp.uasset" 287
"../../../MusicSuite/Content/StarterContent/Textures/T_Smoke_SubUV.uasset" 288
"../../../MusicSuite/Content/StarterContent/Textures/T_Smoke_Tiled_D.uasset" 289
"../../../MusicSuite/Content/StarterContent/Particles/Materials/M_smoke_subUV.uasset" 290
"../../../MusicSuite/Content/StarterContent/Particles/P_Explosion.uasset" 291
"../../../MusicSuite/Content/StarterContent/Blueprints/Blueprint_Effect_Explosion.uasset" 292
"../../../Engine/Content/EditorMeshes/ColorCalibrator/T_ColorGrid.uasset" 293
"../../../MusicSuite/Content/StarterContent/Materials/M_ColorGrid_LowSpec.uasset" 294
"../../../MusicSuite/Content/StarterContent/Textures/T_Bush_D.uasset" 295
"../../../MusicSuite/Content/StarterContent/Textures/T_Bush_N.uasset" 296
"../../../MusicSuite/Content/StarterContent/Props/Materials/M_Bush.uasset" 297
"../../../MusicSuite/Content/StarterContent/Props/SM_Bush.uasset" 298
"../../../MusicSuite/Content/Characters/BasePlayer/Mannequin/Animations/ThirdPerson_Jump.uasset" 299
"../../../MusicSuite/Content/Characters/BasePlayer/Mannequin/Animations/ThirdPersonJump_Loop.uasset" 300
"../../../MusicSuite/Content/Characters/BasePlayer/Mannequin/Animations/ThirdPersonJump_Start.uasset" 301
"../../../MusicSuite/Content/Characters/BasePlayer/Mannequin/Animations/ThirdPersonIdle.uasset" 302
"../../../MusicSuite/Content/Characters/BasePlayer/Mannequin/Animations/ThirdPersonRun.uasset" 303
"../../../MusicSuite/Content/Characters/BasePlayer/Mannequin/Animations/ThirdPersonWalk.uasset" 304
"../../../MusicSuite/Content/Characters/BasePlayer/Mannequin/Animations/ThirdPerson_IdleRun_2D.uasset" 305
"../../../MusicSuite/Content/Characters/BasePlayer/Mannequin/Animations/ThirdPerson_AnimBP.uasset" 306
"../../../Engine/Content/Functions/MaterialLayerFunctions/MatLayerBlend_NormalBlend.uasset" 307
"../../../Engine/Content/Functions/MaterialLayerFunctions/MatLayerBlend_Simple.uasset" 308
"../../../MusicSuite/Content/Characters/BasePlayer/Mannequin/Character/Materials/MaterialLayers/T_ML_Rubber_Blue_01_D.uasset" 309
"../../../MusicSuite/Content/Characters/BasePlayer/Mannequin/Character/Materials/MaterialLayers/T_ML_Rubber_Blue_01_N.uasset" 310
"../../../MusicSuite/Content/Characters/BasePlayer/Mannequin/Character/Materials/MaterialLayers/ML_GlossyBlack_Latex_UE4.uasset" 311
"../../../MusicSuite/Content/Characters/BasePlayer/Mannequin/Character/Materials/MaterialLayers/ML_Plastic_Shiny_Beige.uasset" 312
"../../../MusicSuite/Content/Characters/BasePlayer/Mannequin/Character/Textures/UE4_LOGO_CARD.uasset" 313
"../../../MusicSuite/Content/Characters/BasePlayer/Mannequin/Character/Materials/MaterialLayers/ML_Plastic_Shiny_Beige_LOGO.uasset" 314
"../../../MusicSuite/Content/Characters/BasePlayer/Mannequin/Character/Materials/MaterialLayers/T_ML_Aluminum01.uasset" 315
"../../../MusicSuite/Content/Characters/BasePlayer/Mannequin/Character/Materials/MaterialLayers/T_ML_Aluminum01_N.uasset" 316
"../../../MusicSuite/Content/Characters/BasePlayer/Mannequin/Character/Materials/MaterialLayers/ML_SoftMetal_UE4.uasset" 317
"../../../MusicSuite/Content/Characters/BasePlayer/Mannequin/Character/Textures/UE4_Mannequin__normals.uasset" 318
"../../../MusicSuite/Content/Characters/BasePlayer/Mannequin/Character/Textures/UE4_Mannequin_MAT_MASKA.uasset" 319
"../../../MusicSuite/Content/Characters/BasePlayer/Mannequin/Character/Materials/M_UE4Man_Body.uasset" 320
"../../../MusicSuite/Content/Characters/BasePlayer/Mannequin/Character/Textures/UE4Man_Logo_N.uasset" 321
"../../../MusicSuite/Content/Characters/BasePlayer/Mannequin/Character/Materials/M_UE4Man_ChestLogo.uasset" 322
"../../../MusicSuite/Content/Characters/BasePlayer/Mannequin/Character/Mesh/SK_Mannequin_PhysicsAsset.uasset" 323
"../../../MusicSuite/Content/Characters/BasePlayer/Mannequin/Character/Mesh/SK_Mannequin.uasset" 324
"../../../MusicSuite/Content/Characters/BasePlayer/BasePlayer.uasset" 325
"../../../Engine/Content/EngineSky/C_Sky_Cloud_Color.uasset" 326
"../../../Engine/Content/EngineSky/C_Sky_Horizon_Color.uasset" 327
"../../../Engine/Content/EngineSky/C_Sky_Zenith_Color.uasset" 328
"../../../Engine/Content/EngineSky/T_Sky_Blue.uasset" 329
"../../../Engine/Content/EngineSky/T_Sky_Clouds_M.uasset" 330
"../../../Engine/Content/EngineSky/T_Sky_Stars.uasset" 331
"../../../Engine/Content/EngineSky/M_Sky_Panning_Clouds2.uasset" 332
"../../../Engine/Content/EngineSky/SM_SkySphere.uasset" 333
"../../../Engine/Content/EngineSky/BP_Sky_Sphere.uasset" 334
"../../../Engine/Content/Functions/Engine_MaterialFunctions03/Procedurals/ComputeFilterWidth.uasset" 335
"../../../Engine/Content/EngineMaterials/AntiAliasedTextMaterialTranslucent.uasset" 336
"../../../MusicSuite/Content/StarterContent/Textures/T_ground_Moss_D.uasset" 337
"../../../MusicSuite/Content/StarterContent/Textures/T_Ground_Moss_N.uasset" 338
"../../../MusicSuite/Content/StarterContent/Textures/T_MacroVariation.uasset" 339
"../../../MusicSuite/Content/StarterContent/Textures/T_Perlin_Noise_M.uasset" 340
"../../../MusicSuite/Content/StarterContent/Materials/M_Ground_Moss.uasset" 341
"../../../MusicSuite/Content/Characters/BasePlayer/Meshes/RampMaterial.uasset" 342
"../../../MusicSuite/Content/Characters/BasePlayer/Meshes/Bump_StaticMesh.uasset" 343
"../../../MusicSuite/Content/Characters/BasePlayer/Meshes/LeftArm_StaticMesh.uasset" 344
"../../../MusicSuite/Content/Characters/BasePlayer/Meshes/Linear_Stair_StaticMesh.uasset" 345
"../../../MusicSuite/Content/Characters/BasePlayer/Meshes/Ramp_StaticMesh.uasset" 346
"../../../MusicSuite/Content/Characters/BasePlayer/Meshes/RightArm_StaticMesh.uasset" 347
"../../../MusicSuite/Content/Geometry/Meshes/1M_Cube.uasset" 348
"../../../MusicSuite/Content/Geometry/Meshes/TemplateFloor.uasset" 349
"../../../MusicSuite/Content/Maps/PianoMansion.umap" 350
"../../../Engine/Content/BasicShapes/BasicShapeMaterial.uasset" 351
"../../../Engine/Content/BasicShapes/Cube.uasset" 352
"../../../MusicSuite/Content/Maps/MainMenu.umap" 353
"../../../MusicSuite/Content/StarterContent/Materials/M_Metal_Brushed_Nickel.uasset" 354
"../../../MusicSuite/Content/StarterContent/Textures/T_Metal_Aluminum_D.uasset" 355
"../../../MusicSuite/Content/StarterContent/Textures/T_Metal_Gold_N.uasset" 356
"../../../MusicSuite/Content/StarterContent/Materials/M_Metal_Burnished_Steel.uasset" 357
"../../../MusicSuite/Content/StarterContent/Textures/T_Metal_Copper_D.uasset" 358
"../../../MusicSuite/Content/StarterContent/Materials/M_Metal_Copper.uasset" 359
"../../../MusicSuite/Content/StarterContent/Textures/T_Statue_M.uasset" 360
"../../../MusicSuite/Content/StarterContent/Textures/T_Statue_N.uasset" 361
"../../../MusicSuite/Content/StarterContent/Props/Materials/M_StatueGlass.uasset" 362
"../../../MusicSuite/Content/StarterContent/Architecture/Floor_400x400.uasset" 363
"../../../MusicSuite/Content/StarterContent/Audio/Starter_Background_Cue.uasset" 364
"../../../MusicSuite/Content/StarterContent/Props/SM_Chair.uasset" 365
"../../../MusicSuite/Content/StarterContent/Props/Materials/M_Statue.uasset" 366
"../../../MusicSuite/Content/StarterContent/Props/SM_Statue.uasset" 367
"../../../MusicSuite/Content/StarterContent/Textures/T_TableRound_M.uasset" 368
"../../../MusicSuite/Content/StarterContent/Textures/T_TableRound_N.uasset" 369
"../../../MusicSuite/Content/StarterContent/Props/Materials/M_TableRound.uasset" 370
"../../../MusicSuite/Content/StarterContent/Props/SM_TableRound.uasset" 371
"../../../MusicSuite/Content/StarterContent/Maps/Minimal_Default.umap" 372
"../../../MusicSuite/Content/StarterContent/Blueprints/Assets/FogBrightnessLUT.uasset" 373
"../../../MusicSuite/Content/StarterContent/Blueprints/Assets/SunlightColorLUT.uasset" 374
"../../../MusicSuite/Content/StarterContent/Blueprints/Assets/M_LightStage_Arrows.uasset" 375
"../../../Engine/Content/MapTemplates/Sky/DaylightAmbientCubemap.uasset" 376
"../../../MusicSuite/Content/StarterContent/Blueprints/Assets/M_LightStage_Skybox_Master.uasset" 377
"../../../MusicSuite/Content/StarterContent/Blueprints/Assets/M_LightStage_Skybox_Black.uasset" 378
"../../../MusicSuite/Content/StarterContent/Blueprints/Assets/M_LightStage_Skybox_HDRI.uasset" 379
"../../../Engine/Content/EditorMaterials/Thumbnails/SkySphereMaterial.uasset" 380
"../../../MusicSuite/Content/StarterContent/Blueprints/Assets/Skybox.uasset" 381
"../../../MusicSuite/Content/StarterContent/Blueprints/Assets/SM_Arrows.uasset" 382
"../../../MusicSuite/Content/StarterContent/HDRI/HDRI_Epic_Courtyard_Daylight.uasset" 383
"../../../MusicSuite/Content/StarterContent/Blueprints/BP_LightStudio.uasset" 384
"../../../MusicSuite/Content/StarterContent/Materials/M_AssetPlatform.uasset" 385
"../../../Engine/Content/EditorMeshes/ColorCalibrator/M_ChromeBall.uasset" 386
"../../../Engine/Content/EditorMeshes/ColorCalibrator/M_ClearCoat.uasset" 387
"../../../Engine/Content/EditorMeshes/ColorCalibrator/M_ClearCoatBlack.uasset" 388
"../../../Engine/Content/EditorMeshes/ColorCalibrator/M_ColorGrid.uasset" 389
"../../../Engine/Content/EditorMeshes/ColorCalibrator/M_GreyBall.uasset" 390
"../../../Engine/Content/EditorMeshes/ColorCalibrator/SM_ColorCalibrator.uasset" 391
"../../../MusicSuite/Content/StarterContent/Architecture/SM_AssetPlatform.uasset" 392
"../../../MusicSuite/Content/StarterContent/Maps/Advanced_Lighting.umap" 393
"../../../Engine/Content/EngineMaterials/DefaultNormal.uasset" 394
"../../../Engine/Content/Maps/Entry.umap" 395
"../../../MusicSuite/Content/StarterContent/Textures/T_Ground_Grass_D.uasset" 396
"../../../MusicSuite/Content/StarterContent/Textures/T_Ground_Grass_N.uasset" 397
"../../../MusicSuite/Content/StarterContent/Materials/M_Ground_Grass.uasset" 398
"../../../MusicSuite/Content/Maps/Credits.umap" 399
"../../../MusicSuite/Content/StarterContent/Audio/Fire01_Cue.uasset" 400
"../../../MusicSuite/Content/StarterContent/Textures/T_Fire_SubUV.uasset" 401
"../../../MusicSuite/Content/StarterContent/Textures/T_Fire_Tiled_D.uasset" 402
"../../../MusicSuite/Content/StarterContent/Particles/Materials/M_Fire_SubUV.uasset" 403
"../../../MusicSuite/Content/StarterContent/Textures/T_Water_N.uasset" 404
"../../../MusicSuite/Content/StarterContent/Particles/Materials/M_Heat_Distortion.uasset" 405
"../../../MusicSuite/Content/StarterContent/Particles/Materials/M_Radial_Gradient.uasset" 406
"../../../MusicSuite/Content/StarterContent/Particles/P_Fire.uasset" 407
"../../../MusicSuite/Content/StarterContent/Blueprints/Blueprint_Effect_Fire.uasset" 408
"../../../MusicSuite/Content/StarterContent/Audio/Smoke01_Cue.uasset" 409
"../../../MusicSuite/Content/StarterContent/Particles/P_Smoke.uasset" 410
"../../../MusicSuite/Content/StarterContent/Blueprints/Blueprint_Effect_Smoke.uasset" 411
"../../../MusicSuite/Content/StarterContent/Audio/Fire_Sparks01_Cue.uasset" 412
"../../../MusicSuite/Content/StarterContent/Textures/T_Spark_Core.uasset" 413
"../../../MusicSuite/Content/StarterContent/Particles/Materials/M_Spark.uasset" 414
"../../../MusicSuite/Content/StarterContent/Particles/P_Sparks.uasset" 415
"../../../MusicSuite/Content/StarterContent/Blueprints/Blueprint_Effect_Sparks.uasset" 416
"../../../MusicSuite/Content/StarterContent/Audio/Steam01_Cue.uasset" 417
"../../../MusicSuite/Content/StarterContent/Particles/P_Steam_Lit.uasset" 418
"../../../MusicSuite/Content/StarterContent/Blueprints/Blueprint_Effect_Steam.uasset" 419
"../../../MusicSuite/Content/StarterContent/Textures/T_Lamp_M.uasset" 420
"../../../MusicSuite/Content/StarterContent/Textures/T_Lamp_N.uasset" 421
"../../../MusicSuite/Content/StarterContent/Props/Materials/M_Lamp.uasset" 422
"../../../MusicSuite/Content/StarterContent/Props/SM_Lamp_Ceiling.uasset" 423
"../../../MusicSuite/Content/StarterContent/Blueprints/Blueprint_CeilingLight.uasset" 424
"../../../MusicSuite/Content/StarterContent/Props/SM_Lamp_Wall.uasset" 425
"../../../MusicSuite/Content/StarterContent/Blueprints/Blueprint_WallSconce.uasset" 426
"../../../MusicSuite/Content/StarterContent/Textures/T_Brick_Clay_Beveled_D.uasset" 427
"../../../MusicSuite/Content/StarterContent/Textures/T_Brick_Clay_Beveled_M.uasset" 428
"../../../MusicSuite/Content/StarterContent/Textures/T_Brick_Clay_Beveled_N.uasset" 429
"../../../MusicSuite/Content/StarterContent/Materials/M_Brick_Clay_Beveled.uasset" 430
"../../../MusicSuite/Content/StarterContent/Textures/T_Brick_Clay_New_D.uasset" 431
"../../../MusicSuite/Content/StarterContent/Textures/T_Brick_Clay_New_M.uasset" 432
"../../../MusicSuite/Content/StarterContent/Textures/T_Brick_Clay_New_N.uasset" 433
"../../../MusicSuite/Content/StarterContent/Materials/M_Brick_Clay_New.uasset" 434
"../../../MusicSuite/Content/StarterContent/Textures/T_Brick_Clay_Old_D.uasset" 435
"../../../MusicSuite/Content/StarterContent/Textures/T_Brick_Clay_Old_N.uasset" 436
"../../../MusicSuite/Content/StarterContent/Materials/M_Brick_Clay_Old.uasset" 437
"../../../MusicSuite/Content/StarterContent/Textures/T_Brick_Cut_Stone_D.uasset" 438
"../../../MusicSuite/Content/StarterContent/Textures/T_Brick_Cut_Stone_N.uasset" 439
"../../../MusicSuite/Content/StarterContent/Materials/M_Brick_Cut_Stone.uasset" 440
"../../../MusicSuite/Content/StarterContent/Textures/T_Brick_Hewn_Stone_D.uasset" 441
"../../../MusicSuite/Content/StarterContent/Textures/T_Brick_Hewn_Stone_M.uasset" 442
"../../../MusicSuite/Content/StarterContent/Textures/T_Brick_Hewn_Stone_N.uasset" 443
"../../../MusicSuite/Content/StarterContent/Materials/M_Brick_Hewn_Stone.uasset" 444
"../../../MusicSuite/Content/StarterContent/Textures/T_Ceramic_Tile_M.uasset" 445
"../../../MusicSuite/Content/StarterContent/Textures/T_Ceramic_Tile_N.uasset" 446
"../../../MusicSuite/Content/StarterContent/Textures/T_Rock_Marble_Polished_D.uasset" 447
"../../../MusicSuite/Content/StarterContent/Materials/M_Ceramic_Tile_Checker.uasset" 448
"../../../MusicSuite/Content/StarterContent/Textures/T_CobbleStone_Pebble_D.uasset" 449
"../../../MusicSuite/Content/StarterContent/Textures/T_CobbleStone_Pebble_M.uasset" 450
"../../../MusicSuite/Content/StarterContent/Textures/T_CobbleStone_Pebble_N.uasset" 451
"../../../MusicSuite/Content/StarterContent/Materials/M_CobbleStone_Pebble.uasset" 452
"../../../MusicSuite/Content/StarterContent/Textures/T_CobbleStone_Rough_D.uasset" 453
"../../../MusicSuite/Content/StarterContent/Textures/T_CobbleStone_Rough_N.uasset" 454
"../../../MusicSuite/Content/StarterContent/Textures/T_Gradinet_01.uasset" 455
"../../../MusicSuite/Content/StarterContent/Textures/T_Rock_Smooth_Granite_D.uasset" 456
"../../../MusicSuite/Content/StarterContent/Materials/M_CobbleStone_Rough.uasset" 457
"../../../MusicSuite/Content/StarterContent/Textures/T_CobbleStone_Smooth_D.uasset" 458
"../../../MusicSuite/Content/StarterContent/Textures/T_CobbleStone_Smooth_M.uasset" 459
"../../../MusicSuite/Content/StarterContent/Textures/T_CobbleStone_Smooth_N.uasset" 460
"../../../MusicSuite/Content/StarterContent/Materials/M_CobbleStone_Smooth.uasset" 461
"../../../MusicSuite/Content/StarterContent/Textures/T_Concrete_Grime_D.uasset" 462
"../../../MusicSuite/Content/StarterContent/Textures/T_Metal_Rust_N.uasset" 463
"../../../MusicSuite/Content/StarterContent/Materials/M_Concrete_Grime.uasset" 464
"../../../MusicSuite/Content/StarterContent/Textures/T_Concrete_Panels_D.uasset" 465
"../../../MusicSuite/Content/StarterContent/Textures/T_Concrete_Panels_N.uasset" 466
"../../../MusicSuite/Content/StarterContent/Materials/M_Concrete_Panels.uasset" 467
"../../../MusicSuite/Content/StarterContent/Textures/T_Concrete_Poured_D.uasset" 468
"../../../MusicSuite/Content/StarterContent/Textures/T_Concrete_Poured_N.uasset" 469
"../../../MusicSuite/Content/StarterContent/Materials/M_Concrete_Poured.uasset" 470
"../../../MusicSuite/Content/StarterContent/Textures/T_Concrete_Tiles_D.uasset" 471
"../../../MusicSuite/Content/StarterContent/Textures/T_Concrete_Tiles_M.uasset" 472
"../../../MusicSuite/Content/StarterContent/Textures/T_Concrete_Tiles_N.uasset" 473
"../../../MusicSuite/Content/StarterContent/Textures/T_Concrete_Tiles_Variation_M.uasset" 474
"../../../MusicSuite/Content/StarterContent/Materials/M_Concrete_Tiles.uasset" 475
"../../../MusicSuite/Content/StarterContent/Textures/T_Ground_Gravel_D.uasset" 476
"../../../MusicSuite/Content/StarterContent/Textures/T_Ground_Gravel_N.uasset" 477
"../../../MusicSuite/Content/StarterContent/Materials/M_Ground_Gravel.uasset" 478
"../../../MusicSuite/Content/StarterContent/Materials/M_Metal_Chrome.uasset" 479
"../../../MusicSuite/Content/StarterContent/Textures/T_Metal_Gold_D.uasset" 480
"../../../MusicSuite/Content/StarterContent/Materials/M_Metal_Gold.uasset" 481
"../../../MusicSuite/Content/StarterContent/Textures/T_Metal_Rust_D.uasset" 482
"../../../MusicSuite/Content/StarterContent/Materials/M_Metal_Rust.uasset" 483
"../../../MusicSuite/Content/StarterContent/Textures/T_Metal_Steel_D.uasset" 484
"../../../MusicSuite/Content/StarterContent/Textures/T_Metal_Steel_N.uasset" 485
"../../../MusicSuite/Content/StarterContent/Materials/M_Metal_Steel.uasset" 486
"../../../MusicSuite/Content/StarterContent/Textures/T_Rock_Basalt_N.uasset" 487
"../../../MusicSuite/Content/StarterContent/Materials/M_Rock_Basalt.uasset" 488
"../../../MusicSuite/Content/StarterContent/Materials/M_Rock_Marble_Polished.uasset" 489
"../../../MusicSuite/Content/StarterContent/Textures/T_Rock_Sandstone_D.uasset" 490
"../../../MusicSuite/Content/StarterContent/Textures/T_Rock_Sandstone_N.uasset" 491
"../../../MusicSuite/Content/StarterContent/Materials/M_Rock_Sandstone.uasset" 492
"../../../MusicSuite/Content/StarterContent/Textures/T_Rock_Slate_D.uasset" 493
"../../../MusicSuite/Content/StarterContent/Textures/T_Rock_Slate_N.uasset" 494
"../../../MusicSuite/Content/StarterContent/Materials/M_Rock_Slate.uasset" 495
"../../../MusicSuite/Content/StarterContent/Textures/T_Checker_Noise_M.uasset" 496
"../../../MusicSuite/Content/StarterContent/Textures/T_Single_Tile_N.uasset" 497
"../../../MusicSuite/Content/StarterContent/Textures/T_Tech_Dot_M.uasset" 498
"../../../MusicSuite/Content/StarterContent/Textures/T_Tech_Dot_N.uasset" 499
"../../../MusicSuite/Content/StarterContent/Materials/M_Tech_Checker_Dot.uasset" 500
"../../../MusicSuite/Content/StarterContent/Textures/T_Tech_Hex_Tile_M.uasset" 501
"../../../MusicSuite/Content/StarterContent/Textures/T_Tech_Hex_Tile_N.uasset" 502
"../../../MusicSuite/Content/StarterContent/Materials/M_Tech_Hex_Tile.uasset" 503
"../../../MusicSuite/Content/StarterContent/Materials/M_Tech_Hex_Tile_Pulse.uasset" 504
"../../../MusicSuite/Content/StarterContent/Textures/T_Tech_Panel_M.uasset" 505
"../../../MusicSuite/Content/StarterContent/Textures/T_Tech_Panel_N.uasset" 506
"../../../MusicSuite/Content/StarterContent/Materials/M_Tech_Panel.uasset" 507
"../../../MusicSuite/Content/StarterContent/Materials/M_Water_Lake.uasset" 508
"../../../MusicSuite/Content/StarterContent/Textures/T_Water_M.uasset" 509
"../../../MusicSuite/Content/StarterContent/Materials/M_Water_Ocean.uasset" 510
"../../../MusicSuite/Content/StarterContent/Textures/T_Wood_Floor_Walnut_D.uasset" 511
"../../../MusicSuite/Content/StarterContent/Textures/T_Wood_Floor_Walnut_M.uasset" 512
"../../../MusicSuite/Content/StarterContent/Textures/T_Wood_Floor_Walnut_N.uasset" 513
"../../../MusicSuite/Content/StarterContent/Materials/M_Wood_Floor_Walnut_Polished.uasset" 514
"../../../Engine/Content/Functions/Engine_MaterialFunctions01/Opacity/AlphaOffset.uasset" 515
"../../../MusicSuite/Content/StarterContent/Materials/M_Wood_Floor_Walnut_Worn.uasset" 516
"../../../MusicSuite/Content/StarterContent/Textures/T_Wood_Oak_D.uasset" 517
"../../../MusicSuite/Content/StarterContent/Textures/T_Wood_Oak_N.uasset" 518
"../../../MusicSuite/Content/StarterContent/Materials/M_Wood_Oak.uasset" 519
"../../../MusicSuite/Content/StarterContent/Textures/T_Wood_Pine_D.uasset" 520
"../../../MusicSuite/Content/StarterContent/Textures/T_Wood_Pine_N.uasset" 521
"../../../MusicSuite/Content/StarterContent/Materials/M_Wood_Pine.uasset" 522
"../../../MusicSuite/Content/StarterContent/Textures/T_Wood_Walnut_D.uasset" 523
"../../../MusicSuite/Content/StarterContent/Textures/T_Wood_Walnut_N.uasset" 524
"../../../MusicSuite/Content/StarterContent/Materials/M_Wood_Walnut.uasset" 525
"../../../MusicSuite/Content/StarterContent/Architecture/Wall_400x200.uasset" 526
"../../../MusicSuite/Content/StarterContent/Architecture/Wall_Door_400x300.uasset" 527
"../../../MusicSuite/Content/StarterContent/Architecture/Wall_Window_400x300.uasset" 528
"../../../MusicSuite/Content/StarterContent/Audio/Collapse_Cue.uasset" 529
"../../../MusicSuite/Content/StarterContent/Audio/Starter_Music_Cue.uasset" 530
"../../../MusicSuite/Content/StarterContent/Textures/T_Dust_Particle_D.uasset" 531
"../../../MusicSuite/Content/StarterContent/Particles/Materials/M_Dust_Particle.uasset" 532
"../../../MusicSuite/Content/StarterContent/Particles/P_Ambient_Dust.uasset" 533
"../../../MusicSuite/Content/StarterContent/Props/MaterialSphere.uasset" 534
"../../../MusicSuite/Content/StarterContent/Textures/T_Frame_M.uasset" 535
"../../../MusicSuite/Content/StarterContent/Textures/T_Frame_N.uasset" 536
"../../../MusicSuite/Content/StarterContent/Props/Materials/M_Frame.uasset" 537
"../../../MusicSuite/Content/StarterContent/Props/SM_CornerFrame.uasset" 538
"../../../MusicSuite/Content/StarterContent/Props/SM_DoorFrame.uasset" 539
"../../../MusicSuite/Content/StarterContent/Props/SM_GlassWindow.uasset" 540
"../../../MusicSuite/Content/StarterContent/Props/SM_PillarFrame.uasset" 541
"../../../MusicSuite/Content/StarterContent/Props/SM_PillarFrame300.uasset" 542
"../../../MusicSuite/Content/StarterContent/Props/SM_WindowFrame.uasset" 543
"../../../MusicSuite/Content/StarterContent/Shapes/Shape_Cube.uasset" 544
"../../../MusicSuite/Content/StarterContent/Shapes/Shape_QuadPyramid.uasset" 545
"../../../MusicSuite/Content/StarterContent/Shapes/Shape_Sphere.uasset" 546
"../../../MusicSuite/Content/StarterContent/Maps/StarterMap.umap" 547
